#
# There is insufficient memory for the Java Runtime Environment to continue.
# Native memory allocation (malloc) failed to allocate 365616 bytes for Chunk::new
# Possible reasons:
#   The system is out of physical RAM or swap space
#   The process is running with CompressedOops enabled, and the Java Heap may be blocking the growth of the native heap
# Possible solutions:
#   Reduce memory load on the system
#   Increase physical memory or swap space
#   Check if swap backing store is full
#   Decrease Java heap size (-Xmx/-Xms)
#   Decrease number of Java threads
#   Decrease Java thread stack sizes (-Xss)
#   Set larger code cache with -XX:ReservedCodeCacheSize=
#   JVM is running with Unscaled Compressed Oops mode in which the Java heap is
#     placed in the first 4GB address space. The Java Heap base address is the
#     maximum limit for the native heap growth. Please use -XX:HeapBaseMinAddress
#     to set the Java Heap base and to place the Java Heap above 4GB virtual address.
# This output file may be truncated or incomplete.
#
#  Out of Memory Error (arena.cpp:195), pid=12080, tid=1684
#
# JRE version: OpenJDK Runtime Environment (16.0.2+7) (build 16.0.2+7-67)
# Java VM: OpenJDK 64-Bit Server VM (16.0.2+7-67, mixed mode, tiered, compressed oops, compressed class ptrs, g1 gc, windows-amd64)
# No core dump will be written. Minidumps are not enabled by default on client versions of Windows
#

---------------  S U M M A R Y ------------

Command Line: -Dfile.encoding=Cp1252 --module-path=C:\Users\acer\eclipse-workspace\CinemaSystem\bin;C:\Users\acer\Downloads\javafx-sdk-17.0.1\lib\javafx-swt.jar;C:\Users\acer\Downloads\javafx-sdk-17.0.1\lib\javafx.base.jar;C:\Users\acer\Downloads\javafx-sdk-17.0.1\lib\javafx.controls.jar;C:\Users\acer\Downloads\javafx-sdk-17.0.1\lib\javafx.fxml.jar;C:\Users\acer\Downloads\javafx-sdk-17.0.1\lib\javafx.graphics.jar;C:\Users\acer\Downloads\javafx-sdk-17.0.1\lib\javafx.media.jar;C:\Users\acer\Downloads\javafx-sdk-17.0.1\lib\javafx.swing.jar;C:\Users\acer\Downloads\javafx-sdk-17.0.1\lib\javafx.web.jar;C:\Users\acer\.p2\pool\plugins\org.eclipse.fx.ide.css.jfx8_3.7.0.202010120832.jar -XX:+ShowCodeDetailsInExceptionMessages -Djdk.module.main=CinemaSystem CinemaSystem/application.Main

Host: Intel(R) Core(TM) i7-8550U CPU @ 1.80GHz, 8 cores, 7G,  Windows 10 , 64 bit Build 19041 (10.0.19041.1348)
Time: Sat Dec 18 00:59:21 2021 Pakistan Standard Time elapsed time: 0.279319 seconds (0d 0h 0m 0s)

---------------  T H R E A D  ---------------

Current thread (0x000001c9cec80100):  JavaThread "C2 CompilerThread2" daemon [_thread_in_native, id=1684, stack(0x0000005ea7a00000,0x0000005ea7b00000)]


Current CompileTask:
C2:    279  320       4       java.util.stream.ReferencePipeline$3$1::accept (23 bytes)

Stack: [0x0000005ea7a00000,0x0000005ea7b00000]
Native frames: (J=compiled Java code, j=interpreted, Vv=VM code, C=native code)
V  [jvm.dll+0x6681ca]
V  [jvm.dll+0x7c9e69]
V  [jvm.dll+0x7cb61e]
V  [jvm.dll+0x7cbc73]
V  [jvm.dll+0x242c55]
V  [jvm.dll+0xadeba]
V  [jvm.dll+0xae45c]
V  [jvm.dll+0x2a4cdf]
V  [jvm.dll+0x573c29]
V  [jvm.dll+0x21e48e]
V  [jvm.dll+0x21798d]
V  [jvm.dll+0x214ffc]
V  [jvm.dll+0x1a1beb]
V  [jvm.dll+0x225158]
V  [jvm.dll+0x22319c]
V  [jvm.dll+0x77fa62]
V  [jvm.dll+0x7795aa]
V  [jvm.dll+0x667066]
C  [ucrtbase.dll+0x21bb2]
C  [KERNEL32.DLL+0x17034]
C  [ntdll.dll+0x52651]


---------------  P R O C E S S  ---------------

Threads class SMR info:
_java_thread_list=0x000001c9cec86af0, length=14, elements={
0x000001c9b2159f60, 0x000001c9cdf43020, 0x000001c9cdf43df0, 0x000001c9cdf4d070,
0x000001c9cdf4de40, 0x000001c9cdf4e9b0, 0x000001c9ce926410, 0x000001c9ce933170,
0x000001c9ce933ac0, 0x000001c9ce934410, 0x000001c9cea60110, 0x000001c9ceb960c0,
0x000001c9cec80100, 0x000001c9cf291140
}

Java Threads: ( => current thread )
  0x000001c9b2159f60 JavaThread "main" [_thread_in_vm, id=10208, stack(0x0000005ea6800000,0x0000005ea6900000)]
  0x000001c9cdf43020 JavaThread "Reference Handler" daemon [_thread_blocked, id=14200, stack(0x0000005ea6f00000,0x0000005ea7000000)]
  0x000001c9cdf43df0 JavaThread "Finalizer" daemon [_thread_blocked, id=3340, stack(0x0000005ea7000000,0x0000005ea7100000)]
  0x000001c9cdf4d070 JavaThread "Signal Dispatcher" daemon [_thread_blocked, id=14072, stack(0x0000005ea7100000,0x0000005ea7200000)]
  0x000001c9cdf4de40 JavaThread "Attach Listener" daemon [_thread_blocked, id=10744, stack(0x0000005ea7200000,0x0000005ea7300000)]
  0x000001c9cdf4e9b0 JavaThread "Service Thread" daemon [_thread_blocked, id=10976, stack(0x0000005ea7300000,0x0000005ea7400000)]
  0x000001c9ce926410 JavaThread "Monitor Deflation Thread" daemon [_thread_blocked, id=12736, stack(0x0000005ea7400000,0x0000005ea7500000)]
  0x000001c9ce933170 JavaThread "C2 CompilerThread0" daemon [_thread_in_native, id=11804, stack(0x0000005ea7500000,0x0000005ea7600000)]
  0x000001c9ce933ac0 JavaThread "C1 CompilerThread0" daemon [_thread_in_vm, id=6420, stack(0x0000005ea7600000,0x0000005ea7700000)]
  0x000001c9ce934410 JavaThread "Sweeper thread" daemon [_thread_blocked, id=10576, stack(0x0000005ea7700000,0x0000005ea7800000)]
  0x000001c9cea60110 JavaThread "Common-Cleaner" daemon [_thread_blocked, id=13708, stack(0x0000005ea7800000,0x0000005ea7900000)]
  0x000001c9ceb960c0 JavaThread "C2 CompilerThread1" daemon [_thread_blocked, id=3008, stack(0x0000005ea7900000,0x0000005ea7a00000)]
=>0x000001c9cec80100 JavaThread "C2 CompilerThread2" daemon [_thread_in_native, id=1684, stack(0x0000005ea7a00000,0x0000005ea7b00000)]
  0x000001c9cf291140 JavaThread "Notification Thread" daemon [_thread_blocked, id=5700, stack(0x0000005ea7b00000,0x0000005ea7c00000)]

Other Threads:
  0x000001c9cdf23980 VMThread "VM Thread" [stack: 0x0000005ea6e00000,0x0000005ea6f00000] [id=13820]
  0x000001c9cec9d570 WatcherThread [stack: 0x0000005ea7c00000,0x0000005ea7d00000] [id=12128]
  0x000001c9b219a410 GCTaskThread "GC Thread#0" [stack: 0x0000005ea6900000,0x0000005ea6a00000] [id=10016]
  0x000001c9b21ab0a0 ConcurrentGCThread "G1 Main Marker" [stack: 0x0000005ea6a00000,0x0000005ea6b00000] [id=12956]
  0x000001c9b21ad650 ConcurrentGCThread "G1 Conc#0" [stack: 0x0000005ea6b00000,0x0000005ea6c00000] [id=4508]
  0x000001c9cdd740c0 ConcurrentGCThread "G1 Refine#0" [stack: 0x0000005ea6c00000,0x0000005ea6d00000] [id=12084]
  0x000001c9cdd74950 ConcurrentGCThread "G1 Service" [stack: 0x0000005ea6d00000,0x0000005ea6e00000] [id=10440]

Threads with active compile tasks:
C2 CompilerThread0      757  368       4       java.util.ImmutableCollections$SetN::contains (26 bytes)
C1 CompilerThread0      757  495       3       jdk.internal.org.objectweb.asm.Frame::execute (2305 bytes)
C2 CompilerThread2      757  320       4       java.util.stream.ReferencePipeline$3$1::accept (23 bytes)

VM state: not at safepoint (normal execution)

VM Mutex/Monitor currently owned by a thread:  ([mutex/lock_event])
[0x000001c9b214b080] MetaspaceExpand_lock - owner thread: 0x000001c9ce933ac0
[0x000001c9b2154dc0] MethodData_lock - owner thread: 0x000001c9ce933ac0

Heap address: 0x0000000081e00000, size: 2018 MB, Compressed Oops mode: 32-bit

CDS disabled.
Compressed class space mapped at: 0x0000000100000000-0x0000000140000000, reserved size: 1073741824
Narrow klass base: 0x0000000000000000, Narrow klass shift: 3, Narrow klass range: 0x140000000

GC Precious Log:
 CPUs: 8 total, 8 available
 Memory: 8069M
 Large Page Support: Disabled
 NUMA Support: Disabled
 Compressed Oops: Enabled (32-bit)
 Heap Region Size: 1M
 Heap Min Capacity: 8M
 Heap Initial Capacity: 128M
 Heap Max Capacity: 2018M
 Pre-touch: Disabled
 Parallel Workers: 8
 Concurrent Workers: 2
 Concurrent Refinement Workers: 8
 Periodic GC: Disabled

Heap:
 garbage-first heap   total 131072K, used 9216K [0x0000000081e00000, 0x0000000100000000)
  region size 1024K, 10 young (10240K), 0 survivors (0K)
 Metaspace       used 7797K, committed 7936K, reserved 1056768K
  class space    used 716K, committed 832K, reserved 1048576K

Heap Regions: E=young(eden), S=young(survivor), O=old, HS=humongous(starts), HC=humongous(continues), CS=collection set, F=free, OA=open archive, CA=closed archive, TAMS=top-at-mark-start (previous, next)
|   0|0x0000000081e00000, 0x0000000081e00000, 0x0000000081f00000|  0%| F|  |TAMS 0x0000000081e00000, 0x0000000081e00000| Untracked 
|   1|0x0000000081f00000, 0x0000000081f00000, 0x0000000082000000|  0%| F|  |TAMS 0x0000000081f00000, 0x0000000081f00000| Untracked 
|   2|0x0000000082000000, 0x0000000082000000, 0x0000000082100000|  0%| F|  |TAMS 0x0000000082000000, 0x0000000082000000| Untracked 
|   3|0x0000000082100000, 0x0000000082100000, 0x0000000082200000|  0%| F|  |TAMS 0x0000000082100000, 0x0000000082100000| Untracked 
|   4|0x0000000082200000, 0x0000000082200000, 0x0000000082300000|  0%| F|  |TAMS 0x0000000082200000, 0x0000000082200000| Untracked 
|   5|0x0000000082300000, 0x0000000082300000, 0x0000000082400000|  0%| F|  |TAMS 0x0000000082300000, 0x0000000082300000| Untracked 
|   6|0x0000000082400000, 0x0000000082400000, 0x0000000082500000|  0%| F|  |TAMS 0x0000000082400000, 0x0000000082400000| Untracked 
|   7|0x0000000082500000, 0x0000000082500000, 0x0000000082600000|  0%| F|  |TAMS 0x0000000082500000, 0x0000000082500000| Untracked 
|   8|0x0000000082600000, 0x0000000082600000, 0x0000000082700000|  0%| F|  |TAMS 0x0000000082600000, 0x0000000082600000| Untracked 
|   9|0x0000000082700000, 0x0000000082700000, 0x0000000082800000|  0%| F|  |TAMS 0x0000000082700000, 0x0000000082700000| Untracked 
|  10|0x0000000082800000, 0x0000000082800000, 0x0000000082900000|  0%| F|  |TAMS 0x0000000082800000, 0x0000000082800000| Untracked 
|  11|0x0000000082900000, 0x0000000082900000, 0x0000000082a00000|  0%| F|  |TAMS 0x0000000082900000, 0x0000000082900000| Untracked 
|  12|0x0000000082a00000, 0x0000000082a00000, 0x0000000082b00000|  0%| F|  |TAMS 0x0000000082a00000, 0x0000000082a00000| Untracked 
|  13|0x0000000082b00000, 0x0000000082b00000, 0x0000000082c00000|  0%| F|  |TAMS 0x0000000082b00000, 0x0000000082b00000| Untracked 
|  14|0x0000000082c00000, 0x0000000082c00000, 0x0000000082d00000|  0%| F|  |TAMS 0x0000000082c00000, 0x0000000082c00000| Untracked 
|  15|0x0000000082d00000, 0x0000000082d00000, 0x0000000082e00000|  0%| F|  |TAMS 0x0000000082d00000, 0x0000000082d00000| Untracked 
|  16|0x0000000082e00000, 0x0000000082e00000, 0x0000000082f00000|  0%| F|  |TAMS 0x0000000082e00000, 0x0000000082e00000| Untracked 
|  17|0x0000000082f00000, 0x0000000082f00000, 0x0000000083000000|  0%| F|  |TAMS 0x0000000082f00000, 0x0000000082f00000| Untracked 
|  18|0x0000000083000000, 0x0000000083000000, 0x0000000083100000|  0%| F|  |TAMS 0x0000000083000000, 0x0000000083000000| Untracked 
|  19|0x0000000083100000, 0x0000000083100000, 0x0000000083200000|  0%| F|  |TAMS 0x0000000083100000, 0x0000000083100000| Untracked 
|  20|0x0000000083200000, 0x0000000083200000, 0x0000000083300000|  0%| F|  |TAMS 0x0000000083200000, 0x0000000083200000| Untracked 
|  21|0x0000000083300000, 0x0000000083300000, 0x0000000083400000|  0%| F|  |TAMS 0x0000000083300000, 0x0000000083300000| Untracked 
|  22|0x0000000083400000, 0x0000000083400000, 0x0000000083500000|  0%| F|  |TAMS 0x0000000083400000, 0x0000000083400000| Untracked 
|  23|0x0000000083500000, 0x0000000083500000, 0x0000000083600000|  0%| F|  |TAMS 0x0000000083500000, 0x0000000083500000| Untracked 
|  24|0x0000000083600000, 0x0000000083600000, 0x0000000083700000|  0%| F|  |TAMS 0x0000000083600000, 0x0000000083600000| Untracked 
|  25|0x0000000083700000, 0x0000000083700000, 0x0000000083800000|  0%| F|  |TAMS 0x0000000083700000, 0x0000000083700000| Untracked 
|  26|0x0000000083800000, 0x0000000083800000, 0x0000000083900000|  0%| F|  |TAMS 0x0000000083800000, 0x0000000083800000| Untracked 
|  27|0x0000000083900000, 0x0000000083900000, 0x0000000083a00000|  0%| F|  |TAMS 0x0000000083900000, 0x0000000083900000| Untracked 
|  28|0x0000000083a00000, 0x0000000083a00000, 0x0000000083b00000|  0%| F|  |TAMS 0x0000000083a00000, 0x0000000083a00000| Untracked 
|  29|0x0000000083b00000, 0x0000000083b00000, 0x0000000083c00000|  0%| F|  |TAMS 0x0000000083b00000, 0x0000000083b00000| Untracked 
|  30|0x0000000083c00000, 0x0000000083c00000, 0x0000000083d00000|  0%| F|  |TAMS 0x0000000083c00000, 0x0000000083c00000| Untracked 
|  31|0x0000000083d00000, 0x0000000083d00000, 0x0000000083e00000|  0%| F|  |TAMS 0x0000000083d00000, 0x0000000083d00000| Untracked 
|  32|0x0000000083e00000, 0x0000000083e00000, 0x0000000083f00000|  0%| F|  |TAMS 0x0000000083e00000, 0x0000000083e00000| Untracked 
|  33|0x0000000083f00000, 0x0000000083f00000, 0x0000000084000000|  0%| F|  |TAMS 0x0000000083f00000, 0x0000000083f00000| Untracked 
|  34|0x0000000084000000, 0x0000000084000000, 0x0000000084100000|  0%| F|  |TAMS 0x0000000084000000, 0x0000000084000000| Untracked 
|  35|0x0000000084100000, 0x0000000084100000, 0x0000000084200000|  0%| F|  |TAMS 0x0000000084100000, 0x0000000084100000| Untracked 
|  36|0x0000000084200000, 0x0000000084200000, 0x0000000084300000|  0%| F|  |TAMS 0x0000000084200000, 0x0000000084200000| Untracked 
|  37|0x0000000084300000, 0x0000000084300000, 0x0000000084400000|  0%| F|  |TAMS 0x0000000084300000, 0x0000000084300000| Untracked 
|  38|0x0000000084400000, 0x0000000084400000, 0x0000000084500000|  0%| F|  |TAMS 0x0000000084400000, 0x0000000084400000| Untracked 
|  39|0x0000000084500000, 0x0000000084500000, 0x0000000084600000|  0%| F|  |TAMS 0x0000000084500000, 0x0000000084500000| Untracked 
|  40|0x0000000084600000, 0x0000000084600000, 0x0000000084700000|  0%| F|  |TAMS 0x0000000084600000, 0x0000000084600000| Untracked 
|  41|0x0000000084700000, 0x0000000084700000, 0x0000000084800000|  0%| F|  |TAMS 0x0000000084700000, 0x0000000084700000| Untracked 
|  42|0x0000000084800000, 0x0000000084800000, 0x0000000084900000|  0%| F|  |TAMS 0x0000000084800000, 0x0000000084800000| Untracked 
|  43|0x0000000084900000, 0x0000000084900000, 0x0000000084a00000|  0%| F|  |TAMS 0x0000000084900000, 0x0000000084900000| Untracked 
|  44|0x0000000084a00000, 0x0000000084a00000, 0x0000000084b00000|  0%| F|  |TAMS 0x0000000084a00000, 0x0000000084a00000| Untracked 
|  45|0x0000000084b00000, 0x0000000084b00000, 0x0000000084c00000|  0%| F|  |TAMS 0x0000000084b00000, 0x0000000084b00000| Untracked 
|  46|0x0000000084c00000, 0x0000000084c00000, 0x0000000084d00000|  0%| F|  |TAMS 0x0000000084c00000, 0x0000000084c00000| Untracked 
|  47|0x0000000084d00000, 0x0000000084d00000, 0x0000000084e00000|  0%| F|  |TAMS 0x0000000084d00000, 0x0000000084d00000| Untracked 
|  48|0x0000000084e00000, 0x0000000084e00000, 0x0000000084f00000|  0%| F|  |TAMS 0x0000000084e00000, 0x0000000084e00000| Untracked 
|  49|0x0000000084f00000, 0x0000000084f00000, 0x0000000085000000|  0%| F|  |TAMS 0x0000000084f00000, 0x0000000084f00000| Untracked 
|  50|0x0000000085000000, 0x0000000085000000, 0x0000000085100000|  0%| F|  |TAMS 0x0000000085000000, 0x0000000085000000| Untracked 
|  51|0x0000000085100000, 0x0000000085100000, 0x0000000085200000|  0%| F|  |TAMS 0x0000000085100000, 0x0000000085100000| Untracked 
|  52|0x0000000085200000, 0x0000000085200000, 0x0000000085300000|  0%| F|  |TAMS 0x0000000085200000, 0x0000000085200000| Untracked 
|  53|0x0000000085300000, 0x0000000085300000, 0x0000000085400000|  0%| F|  |TAMS 0x0000000085300000, 0x0000000085300000| Untracked 
|  54|0x0000000085400000, 0x0000000085400000, 0x0000000085500000|  0%| F|  |TAMS 0x0000000085400000, 0x0000000085400000| Untracked 
|  55|0x0000000085500000, 0x0000000085500000, 0x0000000085600000|  0%| F|  |TAMS 0x0000000085500000, 0x0000000085500000| Untracked 
|  56|0x0000000085600000, 0x0000000085600000, 0x0000000085700000|  0%| F|  |TAMS 0x0000000085600000, 0x0000000085600000| Untracked 
|  57|0x0000000085700000, 0x0000000085700000, 0x0000000085800000|  0%| F|  |TAMS 0x0000000085700000, 0x0000000085700000| Untracked 
|  58|0x0000000085800000, 0x0000000085800000, 0x0000000085900000|  0%| F|  |TAMS 0x0000000085800000, 0x0000000085800000| Untracked 
|  59|0x0000000085900000, 0x0000000085900000, 0x0000000085a00000|  0%| F|  |TAMS 0x0000000085900000, 0x0000000085900000| Untracked 
|  60|0x0000000085a00000, 0x0000000085a00000, 0x0000000085b00000|  0%| F|  |TAMS 0x0000000085a00000, 0x0000000085a00000| Untracked 
|  61|0x0000000085b00000, 0x0000000085b00000, 0x0000000085c00000|  0%| F|  |TAMS 0x0000000085b00000, 0x0000000085b00000| Untracked 
|  62|0x0000000085c00000, 0x0000000085c00000, 0x0000000085d00000|  0%| F|  |TAMS 0x0000000085c00000, 0x0000000085c00000| Untracked 
|  63|0x0000000085d00000, 0x0000000085d00000, 0x0000000085e00000|  0%| F|  |TAMS 0x0000000085d00000, 0x0000000085d00000| Untracked 
|  64|0x0000000085e00000, 0x0000000085e00000, 0x0000000085f00000|  0%| F|  |TAMS 0x0000000085e00000, 0x0000000085e00000| Untracked 
|  65|0x0000000085f00000, 0x0000000085f00000, 0x0000000086000000|  0%| F|  |TAMS 0x0000000085f00000, 0x0000000085f00000| Untracked 
|  66|0x0000000086000000, 0x0000000086000000, 0x0000000086100000|  0%| F|  |TAMS 0x0000000086000000, 0x0000000086000000| Untracked 
|  67|0x0000000086100000, 0x0000000086100000, 0x0000000086200000|  0%| F|  |TAMS 0x0000000086100000, 0x0000000086100000| Untracked 
|  68|0x0000000086200000, 0x0000000086200000, 0x0000000086300000|  0%| F|  |TAMS 0x0000000086200000, 0x0000000086200000| Untracked 
|  69|0x0000000086300000, 0x0000000086300000, 0x0000000086400000|  0%| F|  |TAMS 0x0000000086300000, 0x0000000086300000| Untracked 
|  70|0x0000000086400000, 0x0000000086400000, 0x0000000086500000|  0%| F|  |TAMS 0x0000000086400000, 0x0000000086400000| Untracked 
|  71|0x0000000086500000, 0x0000000086500000, 0x0000000086600000|  0%| F|  |TAMS 0x0000000086500000, 0x0000000086500000| Untracked 
|  72|0x0000000086600000, 0x0000000086600000, 0x0000000086700000|  0%| F|  |TAMS 0x0000000086600000, 0x0000000086600000| Untracked 
|  73|0x0000000086700000, 0x0000000086700000, 0x0000000086800000|  0%| F|  |TAMS 0x0000000086700000, 0x0000000086700000| Untracked 
|  74|0x0000000086800000, 0x0000000086800000, 0x0000000086900000|  0%| F|  |TAMS 0x0000000086800000, 0x0000000086800000| Untracked 
|  75|0x0000000086900000, 0x0000000086900000, 0x0000000086a00000|  0%| F|  |TAMS 0x0000000086900000, 0x0000000086900000| Untracked 
|  76|0x0000000086a00000, 0x0000000086a00000, 0x0000000086b00000|  0%| F|  |TAMS 0x0000000086a00000, 0x0000000086a00000| Untracked 
|  77|0x0000000086b00000, 0x0000000086b00000, 0x0000000086c00000|  0%| F|  |TAMS 0x0000000086b00000, 0x0000000086b00000| Untracked 
|  78|0x0000000086c00000, 0x0000000086c00000, 0x0000000086d00000|  0%| F|  |TAMS 0x0000000086c00000, 0x0000000086c00000| Untracked 
|  79|0x0000000086d00000, 0x0000000086d00000, 0x0000000086e00000|  0%| F|  |TAMS 0x0000000086d00000, 0x0000000086d00000| Untracked 
|  80|0x0000000086e00000, 0x0000000086e00000, 0x0000000086f00000|  0%| F|  |TAMS 0x0000000086e00000, 0x0000000086e00000| Untracked 
|  81|0x0000000086f00000, 0x0000000086f00000, 0x0000000087000000|  0%| F|  |TAMS 0x0000000086f00000, 0x0000000086f00000| Untracked 
|  82|0x0000000087000000, 0x0000000087000000, 0x0000000087100000|  0%| F|  |TAMS 0x0000000087000000, 0x0000000087000000| Untracked 
|  83|0x0000000087100000, 0x0000000087100000, 0x0000000087200000|  0%| F|  |TAMS 0x0000000087100000, 0x0000000087100000| Untracked 
|  84|0x0000000087200000, 0x0000000087200000, 0x0000000087300000|  0%| F|  |TAMS 0x0000000087200000, 0x0000000087200000| Untracked 
|  85|0x0000000087300000, 0x0000000087300000, 0x0000000087400000|  0%| F|  |TAMS 0x0000000087300000, 0x0000000087300000| Untracked 
|  86|0x0000000087400000, 0x0000000087400000, 0x0000000087500000|  0%| F|  |TAMS 0x0000000087400000, 0x0000000087400000| Untracked 
|  87|0x0000000087500000, 0x0000000087500000, 0x0000000087600000|  0%| F|  |TAMS 0x0000000087500000, 0x0000000087500000| Untracked 
|  88|0x0000000087600000, 0x0000000087600000, 0x0000000087700000|  0%| F|  |TAMS 0x0000000087600000, 0x0000000087600000| Untracked 
|  89|0x0000000087700000, 0x0000000087700000, 0x0000000087800000|  0%| F|  |TAMS 0x0000000087700000, 0x0000000087700000| Untracked 
|  90|0x0000000087800000, 0x0000000087800000, 0x0000000087900000|  0%| F|  |TAMS 0x0000000087800000, 0x0000000087800000| Untracked 
|  91|0x0000000087900000, 0x0000000087900000, 0x0000000087a00000|  0%| F|  |TAMS 0x0000000087900000, 0x0000000087900000| Untracked 
|  92|0x0000000087a00000, 0x0000000087a00000, 0x0000000087b00000|  0%| F|  |TAMS 0x0000000087a00000, 0x0000000087a00000| Untracked 
|  93|0x0000000087b00000, 0x0000000087b00000, 0x0000000087c00000|  0%| F|  |TAMS 0x0000000087b00000, 0x0000000087b00000| Untracked 
|  94|0x0000000087c00000, 0x0000000087c00000, 0x0000000087d00000|  0%| F|  |TAMS 0x0000000087c00000, 0x0000000087c00000| Untracked 
|  95|0x0000000087d00000, 0x0000000087d00000, 0x0000000087e00000|  0%| F|  |TAMS 0x0000000087d00000, 0x0000000087d00000| Untracked 
|  96|0x0000000087e00000, 0x0000000087e00000, 0x0000000087f00000|  0%| F|  |TAMS 0x0000000087e00000, 0x0000000087e00000| Untracked 
|  97|0x0000000087f00000, 0x0000000087f00000, 0x0000000088000000|  0%| F|  |TAMS 0x0000000087f00000, 0x0000000087f00000| Untracked 
|  98|0x0000000088000000, 0x0000000088000000, 0x0000000088100000|  0%| F|  |TAMS 0x0000000088000000, 0x0000000088000000| Untracked 
|  99|0x0000000088100000, 0x0000000088100000, 0x0000000088200000|  0%| F|  |TAMS 0x0000000088100000, 0x0000000088100000| Untracked 
| 100|0x0000000088200000, 0x0000000088200000, 0x0000000088300000|  0%| F|  |TAMS 0x0000000088200000, 0x0000000088200000| Untracked 
| 101|0x0000000088300000, 0x0000000088300000, 0x0000000088400000|  0%| F|  |TAMS 0x0000000088300000, 0x0000000088300000| Untracked 
| 102|0x0000000088400000, 0x0000000088400000, 0x0000000088500000|  0%| F|  |TAMS 0x0000000088400000, 0x0000000088400000| Untracked 
| 103|0x0000000088500000, 0x0000000088500000, 0x0000000088600000|  0%| F|  |TAMS 0x0000000088500000, 0x0000000088500000| Untracked 
| 104|0x0000000088600000, 0x0000000088600000, 0x0000000088700000|  0%| F|  |TAMS 0x0000000088600000, 0x0000000088600000| Untracked 
| 105|0x0000000088700000, 0x0000000088700000, 0x0000000088800000|  0%| F|  |TAMS 0x0000000088700000, 0x0000000088700000| Untracked 
| 106|0x0000000088800000, 0x0000000088800000, 0x0000000088900000|  0%| F|  |TAMS 0x0000000088800000, 0x0000000088800000| Untracked 
| 107|0x0000000088900000, 0x0000000088900000, 0x0000000088a00000|  0%| F|  |TAMS 0x0000000088900000, 0x0000000088900000| Untracked 
| 108|0x0000000088a00000, 0x0000000088a00000, 0x0000000088b00000|  0%| F|  |TAMS 0x0000000088a00000, 0x0000000088a00000| Untracked 
| 109|0x0000000088b00000, 0x0000000088b00000, 0x0000000088c00000|  0%| F|  |TAMS 0x0000000088b00000, 0x0000000088b00000| Untracked 
| 110|0x0000000088c00000, 0x0000000088c00000, 0x0000000088d00000|  0%| F|  |TAMS 0x0000000088c00000, 0x0000000088c00000| Untracked 
| 111|0x0000000088d00000, 0x0000000088d00000, 0x0000000088e00000|  0%| F|  |TAMS 0x0000000088d00000, 0x0000000088d00000| Untracked 
| 112|0x0000000088e00000, 0x0000000088e00000, 0x0000000088f00000|  0%| F|  |TAMS 0x0000000088e00000, 0x0000000088e00000| Untracked 
| 113|0x0000000088f00000, 0x0000000088f00000, 0x0000000089000000|  0%| F|  |TAMS 0x0000000088f00000, 0x0000000088f00000| Untracked 
| 114|0x0000000089000000, 0x0000000089000000, 0x0000000089100000|  0%| F|  |TAMS 0x0000000089000000, 0x0000000089000000| Untracked 
| 115|0x0000000089100000, 0x0000000089100000, 0x0000000089200000|  0%| F|  |TAMS 0x0000000089100000, 0x0000000089100000| Untracked 
| 116|0x0000000089200000, 0x0000000089200000, 0x0000000089300000|  0%| F|  |TAMS 0x0000000089200000, 0x0000000089200000| Untracked 
| 117|0x0000000089300000, 0x0000000089300000, 0x0000000089400000|  0%| F|  |TAMS 0x0000000089300000, 0x0000000089300000| Untracked 
| 118|0x0000000089400000, 0x0000000089476448, 0x0000000089500000| 46%| E|  |TAMS 0x0000000089400000, 0x0000000089400000| Complete 
| 119|0x0000000089500000, 0x0000000089600000, 0x0000000089600000|100%| E|CS|TAMS 0x0000000089500000, 0x0000000089500000| Complete 
| 120|0x0000000089600000, 0x0000000089700000, 0x0000000089700000|100%| E|CS|TAMS 0x0000000089600000, 0x0000000089600000| Complete 
| 121|0x0000000089700000, 0x0000000089800000, 0x0000000089800000|100%| E|CS|TAMS 0x0000000089700000, 0x0000000089700000| Complete 
| 122|0x0000000089800000, 0x0000000089900000, 0x0000000089900000|100%| E|CS|TAMS 0x0000000089800000, 0x0000000089800000| Complete 
| 123|0x0000000089900000, 0x0000000089a00000, 0x0000000089a00000|100%| E|CS|TAMS 0x0000000089900000, 0x0000000089900000| Complete 
| 124|0x0000000089a00000, 0x0000000089b00000, 0x0000000089b00000|100%| E|CS|TAMS 0x0000000089a00000, 0x0000000089a00000| Complete 
| 125|0x0000000089b00000, 0x0000000089c00000, 0x0000000089c00000|100%| E|CS|TAMS 0x0000000089b00000, 0x0000000089b00000| Complete 
| 126|0x0000000089c00000, 0x0000000089d00000, 0x0000000089d00000|100%| E|CS|TAMS 0x0000000089c00000, 0x0000000089c00000| Complete 
| 127|0x0000000089d00000, 0x0000000089e00000, 0x0000000089e00000|100%| E|CS|TAMS 0x0000000089d00000, 0x0000000089d00000| Complete 

Card table byte_map: [0x000001c9c6d20000,0x000001c9c7120000] _byte_map_base: 0x000001c9c6911000

Marking Bits (Prev, Next): (CMBitMap*) 0x000001c9b219aa10, (CMBitMap*) 0x000001c9b219aa50
 Prev Bits: [0x000001c9c7520000, 0x000001c9c94a8000)
 Next Bits: [0x000001c9c94b0000, 0x000001c9cb438000)

Polling page: 0x000001c9b2240000

Metaspace:

Usage:
  Non-class:      6.92 MB used.
      Class:    716.46 KB used.
       Both:      7.61 MB used.

Virtual space:
  Non-class space:        8.00 MB reserved,       6.94 MB ( 87%) committed,  1 nodes.
      Class space:        1.00 GB reserved,     832.00 KB ( <1%) committed,  1 nodes.
              Both:        1.01 GB reserved,       7.75 MB ( <1%) committed. 

Chunk freelists:
   Non-Class:  642.00 KB
       Class:  3.18 MB
        Both:  3.81 MB

MaxMetaspaceSize: 17179869184.00 GB
CompressedClassSpaceSize: 1.00 GB
 - commit_granule_bytes: 65536.
 - commit_granule_words: 8192.
 - virtual_space_node_default_size: 1048576.
 - enlarge_chunks_in_place: 1.
 - new_chunks_are_fully_committed: 0.
 - uncommit_free_chunks: 1.
 - use_allocation_guard: 0.
 - handle_deallocations: 1.


Internal statistics:

num_allocs_failed_limit: 0.
num_arena_births: 34.
num_arena_deaths: 0.
num_vsnodes_births: 2.
num_vsnodes_deaths: 0.
num_space_committed: 124.
num_space_uncommitted: 0.
num_chunks_returned_to_freelist: 0.
num_chunks_taken_from_freelist: 75.
num_chunk_merges: 0.
num_chunk_splits: 42.
num_chunks_enlarged: 29.
num_purges: 0.

CodeHeap 'non-profiled nmethods': size=120000Kb used=187Kb max_used=187Kb free=119812Kb
 bounds [0x000001c9be990000, 0x000001c9bec00000, 0x000001c9c5ec0000]
CodeHeap 'profiled nmethods': size=120000Kb used=643Kb max_used=643Kb free=119356Kb
 bounds [0x000001c9b7460000, 0x000001c9b76d0000, 0x000001c9be990000]
CodeHeap 'non-nmethods': size=5760Kb used=1125Kb max_used=1139Kb free=4634Kb
 bounds [0x000001c9b6ec0000, 0x000001c9b7130000, 0x000001c9b7460000]
 total_blobs=900 nmethods=498 adapters=315
 compilation: enabled
              stopped_count=0, restarted_count=0
 full_count=0

Compilation events (20 events):
Event: 0.215 Thread 0x000001c9ce933170 nmethod 331 0x000001c9be9abf10 code [0x000001c9be9ac100, 0x000001c9be9ad2b8]
Event: 0.215 Thread 0x000001c9ce933170  359       4       java.util.HashMap::putVal (300 bytes)
Event: 0.216 Thread 0x000001c9ce933ac0  392       3       java.lang.String::charAt (25 bytes)
Event: 0.216 Thread 0x000001c9ce933ac0 nmethod 392 0x000001c9b74e1510 code [0x000001c9b74e1700, 0x000001c9b74e1c38]
Event: 0.216 Thread 0x000001c9ce933ac0  394       3       java.lang.ref.Reference::refersTo (6 bytes)
Event: 0.216 Thread 0x000001c9ce933ac0 nmethod 394 0x000001c9b74e1e90 code [0x000001c9b74e2040, 0x000001c9b74e2208]
Event: 0.217 Thread 0x000001c9ce933ac0  393       1       java.lang.String::value (5 bytes)
Event: 0.217 Thread 0x000001c9ce933ac0 nmethod 393 0x000001c9be9adb10 code [0x000001c9be9adca0, 0x000001c9be9add78]
Event: 0.231 Thread 0x000001c9ce933170 nmethod 359 0x000001c9be9ade10 code [0x000001c9be9ae020, 0x000001c9be9af058]
Event: 0.231 Thread 0x000001c9ce933170  336       4       java.util.zip.ZipUtils::CENNAM (9 bytes)
Event: 0.232 Thread 0x000001c9ce933170 nmethod 336 0x000001c9be9af810 code [0x000001c9be9af9a0, 0x000001c9be9afa58]
Event: 0.232 Thread 0x000001c9ce933170  337       4       java.util.zip.ZipUtils::CENHOW (9 bytes)
Event: 0.232 Thread 0x000001c9ce933170 nmethod 337 0x000001c9be9afb90 code [0x000001c9be9afd20, 0x000001c9be9afdd8]
Event: 0.232 Thread 0x000001c9ce933170  338       4       java.util.zip.ZipUtils::CENEXT (9 bytes)
Event: 0.233 Thread 0x000001c9ce933170 nmethod 338 0x000001c9be9aff10 code [0x000001c9be9b00a0, 0x000001c9be9b0158]
Event: 0.233 Thread 0x000001c9ce933170  339       4       java.util.zip.ZipUtils::CENCOM (9 bytes)
Event: 0.233 Thread 0x000001c9ce933170 nmethod 339 0x000001c9be9b0290 code [0x000001c9be9b0420, 0x000001c9be9b04d8]
Event: 0.233 Thread 0x000001c9ce933170  340       4       java.util.zip.ZipUtils::CENFLG (9 bytes)
Event: 0.234 Thread 0x000001c9ce933170 nmethod 340 0x000001c9be9b0610 code [0x000001c9be9b07a0, 0x000001c9be9b0858]
Event: 0.234 Thread 0x000001c9ce933170  368       4       java.util.ImmutableCollections$SetN::contains (26 bytes)

GC Heap History (0 events):
No events

Deoptimization events (20 events):
Event: 0.193 Thread 0x000001c9b2159f60 DEOPT PACKING pc=0x000001c9b7462367 sp=0x0000005ea68fdac0
Event: 0.193 Thread 0x000001c9b2159f60 DEOPT UNPACKING pc=0x000001c9b6f0dece sp=0x0000005ea68fcee0 mode 0
Event: 0.193 Thread 0x000001c9b2159f60 DEOPT PACKING pc=0x000001c9b74a7156 sp=0x0000005ea68fdb40
Event: 0.193 Thread 0x000001c9b2159f60 DEOPT UNPACKING pc=0x000001c9b6f0dece sp=0x0000005ea68fcfc8 mode 0
Event: 0.201 Thread 0x000001c9b2159f60 Uncommon trap: trap_request=0xffffff45 fr.pc=0x000001c9be9a5d1c relative=0x000000000000065c
Event: 0.201 Thread 0x000001c9b2159f60 Uncommon trap: reason=unstable_if action=reinterpret pc=0x000001c9be9a5d1c method=java.util.ImmutableCollections$SetN.probe(Ljava/lang/Object;)I @ 34 c2
Event: 0.201 Thread 0x000001c9b2159f60 DEOPT PACKING pc=0x000001c9be9a5d1c sp=0x0000005ea68fea80
Event: 0.201 Thread 0x000001c9b2159f60 DEOPT UNPACKING pc=0x000001c9b6f0d72e sp=0x0000005ea68fea20 mode 2
Event: 0.204 Thread 0x000001c9b2159f60 Uncommon trap: trap_request=0xffffff45 fr.pc=0x000001c9be9a8718 relative=0x0000000000000458
Event: 0.204 Thread 0x000001c9b2159f60 Uncommon trap: reason=unstable_if action=reinterpret pc=0x000001c9be9a8718 method=java.lang.StringLatin1.newString([BII)Ljava/lang/String; @ 1 c2
Event: 0.204 Thread 0x000001c9b2159f60 DEOPT PACKING pc=0x000001c9be9a8718 sp=0x0000005ea68fe8d0
Event: 0.204 Thread 0x000001c9b2159f60 DEOPT UNPACKING pc=0x000001c9b6f0d72e sp=0x0000005ea68fe830 mode 2
Event: 0.205 Thread 0x000001c9b2159f60 Uncommon trap: trap_request=0xffffff45 fr.pc=0x000001c9be9a3e98 relative=0x0000000000000378
Event: 0.205 Thread 0x000001c9b2159f60 Uncommon trap: reason=unstable_if action=reinterpret pc=0x000001c9be9a3e98 method=java.lang.StringLatin1.newString([BII)Ljava/lang/String; @ 1 c2
Event: 0.205 Thread 0x000001c9b2159f60 DEOPT PACKING pc=0x000001c9be9a3e98 sp=0x0000005ea68fe850
Event: 0.205 Thread 0x000001c9b2159f60 DEOPT UNPACKING pc=0x000001c9b6f0d72e sp=0x0000005ea68fe830 mode 2
Event: 0.212 Thread 0x000001c9b2159f60 Uncommon trap: trap_request=0xffffff45 fr.pc=0x000001c9be995798 relative=0x0000000000000078
Event: 0.212 Thread 0x000001c9b2159f60 Uncommon trap: reason=unstable_if action=reinterpret pc=0x000001c9be995798 method=java.lang.String.isLatin1()Z @ 10 c2
Event: 0.212 Thread 0x000001c9b2159f60 DEOPT PACKING pc=0x000001c9be995798 sp=0x0000005ea68fed00
Event: 0.212 Thread 0x000001c9b2159f60 DEOPT UNPACKING pc=0x000001c9b6f0d72e sp=0x0000005ea68fec40 mode 2

Classes unloaded (0 events):
No events

Classes redefined (0 events):
No events

Internal exceptions (1 events):
Event: 0.123 Thread 0x000001c9b2159f60 Exception <a 'java/lang/NoSuchMethodError'{0x0000000089c24200}: 'void java.lang.invoke.DirectMethodHandle$Holder.invokeVirtual(java.lang.Object, java.lang.Object)'> (0x0000000089c24200) 
thrown [t:\workspace\open\src\hotspot\share\interpreter\linkResolver.cpp, line 790]

Events (20 events):
Event: 0.215 loading class java/util/concurrent/locks/ReentrantReadWriteLock$NonfairSync
Event: 0.215 loading class java/util/concurrent/locks/ReentrantReadWriteLock$Sync
Event: 0.215 loading class java/util/concurrent/locks/AbstractQueuedSynchronizer
Event: 0.215 loading class java/util/concurrent/locks/AbstractQueuedSynchronizer done
Event: 0.215 loading class java/util/concurrent/locks/ReentrantReadWriteLock$Sync done
Event: 0.216 loading class java/util/concurrent/locks/ReentrantReadWriteLock$NonfairSync done
Event: 0.216 loading class java/util/concurrent/locks/ReentrantReadWriteLock$Sync$ThreadLocalHoldCounter
Event: 0.216 loading class java/util/concurrent/locks/ReentrantReadWriteLock$Sync$ThreadLocalHoldCounter done
Event: 0.216 loading class java/util/concurrent/locks/ReentrantReadWriteLock$ReadLock
Event: 0.216 loading class java/util/concurrent/locks/ReentrantReadWriteLock$ReadLock done
Event: 0.216 loading class java/util/concurrent/locks/ReentrantReadWriteLock$WriteLock
Event: 0.216 loading class java/util/concurrent/locks/ReentrantReadWriteLock$WriteLock done
Event: 0.216 loading class java/nio/file/FileSystems$DefaultFileSystemHolder
Event: 0.216 loading class java/nio/file/FileSystems$DefaultFileSystemHolder done
Event: 0.216 loading class java/nio/file/FileSystems$DefaultFileSystemHolder$1
Event: 0.216 loading class java/nio/file/FileSystems$DefaultFileSystemHolder$1 done
Event: 0.218 loading class java/lang/NamedPackage
Event: 0.218 loading class java/lang/NamedPackage done
Event: 0.218 loading class sun/launcher/LauncherHelper$FXHelper
Event: 0.218 loading class sun/launcher/LauncherHelper$FXHelper done


Dynamic libraries:
0x00007ff7351c0000 - 0x00007ff7351ce000 	C:\Users\acer\.p2\pool\plugins\org.eclipse.justj.openjdk.hotspot.jre.full.win32.x86_64_16.0.2.v20210721-1149\jre\bin\javaw.exe
0x00007ffe28ff0000 - 0x00007ffe291e5000 	C:\WINDOWS\SYSTEM32\ntdll.dll
0x00007ffe28ce0000 - 0x00007ffe28d9e000 	C:\WINDOWS\System32\KERNEL32.DLL
0x00007ffe268c0000 - 0x00007ffe26b88000 	C:\WINDOWS\System32\KERNELBASE.dll
0x00007ffe26c70000 - 0x00007ffe26d70000 	C:\WINDOWS\System32\ucrtbase.dll
0x00007ffe1bd20000 - 0x00007ffe1bd38000 	C:\Users\acer\.p2\pool\plugins\org.eclipse.justj.openjdk.hotspot.jre.full.win32.x86_64_16.0.2.v20210721-1149\jre\bin\jli.dll
0x00007ffe1d4c0000 - 0x00007ffe1d4d9000 	C:\Users\acer\.p2\pool\plugins\org.eclipse.justj.openjdk.hotspot.jre.full.win32.x86_64_16.0.2.v20210721-1149\jre\bin\VCRUNTIME140.dll
0x00007ffe27030000 - 0x00007ffe271d1000 	C:\WINDOWS\System32\USER32.dll
0x00007ffe09ab0000 - 0x00007ffe09d4a000 	C:\WINDOWS\WinSxS\amd64_microsoft.windows.common-controls_6595b64144ccf1df_6.0.19041.1110_none_60b5254171f9507e\COMCTL32.dll
0x00007ffe26e10000 - 0x00007ffe26e32000 	C:\WINDOWS\System32\win32u.dll
0x00007ffe28f10000 - 0x00007ffe28fae000 	C:\WINDOWS\System32\msvcrt.dll
0x00007ffe28310000 - 0x00007ffe2833b000 	C:\WINDOWS\System32\GDI32.dll
0x00007ffe26700000 - 0x00007ffe2680d000 	C:\WINDOWS\System32\gdi32full.dll
0x00007ffe26d70000 - 0x00007ffe26e0d000 	C:\WINDOWS\System32\msvcp_win.dll
0x00007ffe27950000 - 0x00007ffe27980000 	C:\WINDOWS\System32\IMM32.DLL
0x00007ffe225c0000 - 0x00007ffe225cc000 	C:\Users\acer\.p2\pool\plugins\org.eclipse.justj.openjdk.hotspot.jre.full.win32.x86_64_16.0.2.v20210721-1149\jre\bin\vcruntime140_1.dll
0x00007ffdf34f0000 - 0x00007ffdf3581000 	C:\Users\acer\.p2\pool\plugins\org.eclipse.justj.openjdk.hotspot.jre.full.win32.x86_64_16.0.2.v20210721-1149\jre\bin\msvcp140.dll
0x00007ffdb8490000 - 0x00007ffdb903b000 	C:\Users\acer\.p2\pool\plugins\org.eclipse.justj.openjdk.hotspot.jre.full.win32.x86_64_16.0.2.v20210721-1149\jre\bin\server\jvm.dll
0x00007ffe28470000 - 0x00007ffe2851c000 	C:\WINDOWS\System32\ADVAPI32.dll
0x00007ffe278b0000 - 0x00007ffe2794b000 	C:\WINDOWS\System32\sechost.dll
0x00007ffe27250000 - 0x00007ffe2737a000 	C:\WINDOWS\System32\RPCRT4.dll
0x00007ffe274c0000 - 0x00007ffe274c8000 	C:\WINDOWS\System32\PSAPI.DLL
0x00007ffe22080000 - 0x00007ffe22089000 	C:\WINDOWS\SYSTEM32\WSOCK32.dll
0x00007ffe08ec0000 - 0x00007ffe08ee7000 	C:\WINDOWS\SYSTEM32\WINMM.dll
0x00007ffe207b0000 - 0x00007ffe207ba000 	C:\WINDOWS\SYSTEM32\VERSION.dll
0x00007ffe28c70000 - 0x00007ffe28cdb000 	C:\WINDOWS\System32\WS2_32.dll
0x00007ffe245f0000 - 0x00007ffe24602000 	C:\WINDOWS\SYSTEM32\kernel.appcore.dll
0x00007ffe1d3a0000 - 0x00007ffe1d3aa000 	C:\Users\acer\.p2\pool\plugins\org.eclipse.justj.openjdk.hotspot.jre.full.win32.x86_64_16.0.2.v20210721-1149\jre\bin\jimage.dll
0x00007ffe1cff0000 - 0x00007ffe1d1d4000 	C:\WINDOWS\SYSTEM32\DBGHELP.DLL
0x00007ffe1cfc0000 - 0x00007ffe1cfec000 	C:\WINDOWS\SYSTEM32\dbgcore.DLL
0x00007ffe26b90000 - 0x00007ffe26c12000 	C:\WINDOWS\System32\bcryptPrimitives.dll
0x00007ffe05b20000 - 0x00007ffe05b45000 	C:\Users\acer\.p2\pool\plugins\org.eclipse.justj.openjdk.hotspot.jre.full.win32.x86_64_16.0.2.v20210721-1149\jre\bin\java.dll
0x00007ffe059a0000 - 0x00007ffe059b8000 	C:\Users\acer\.p2\pool\plugins\org.eclipse.justj.openjdk.hotspot.jre.full.win32.x86_64_16.0.2.v20210721-1149\jre\bin\zip.dll
0x00007ffe28520000 - 0x00007ffe28c64000 	C:\WINDOWS\System32\SHELL32.dll
0x00007ffe247f0000 - 0x00007ffe24f84000 	C:\WINDOWS\SYSTEM32\windows.storage.dll
0x00007ffe27550000 - 0x00007ffe278a5000 	C:\WINDOWS\System32\combase.dll
0x00007ffe26150000 - 0x00007ffe2617e000 	C:\WINDOWS\SYSTEM32\Wldp.dll
0x00007ffe27980000 - 0x00007ffe27a2d000 	C:\WINDOWS\System32\SHCORE.dll
0x00007ffe28eb0000 - 0x00007ffe28f05000 	C:\WINDOWS\System32\shlwapi.dll
0x00007ffe26640000 - 0x00007ffe2665f000 	C:\WINDOWS\SYSTEM32\profapi.dll
0x00007ffe05980000 - 0x00007ffe05999000 	C:\Users\acer\.p2\pool\plugins\org.eclipse.justj.openjdk.hotspot.jre.full.win32.x86_64_16.0.2.v20210721-1149\jre\bin\net.dll
0x00007ffe17d20000 - 0x00007ffe17e2c000 	C:\WINDOWS\SYSTEM32\WINHTTP.dll
0x00007ffe25eb0000 - 0x00007ffe25f1a000 	C:\WINDOWS\system32\mswsock.dll
0x00007ffe04e70000 - 0x00007ffe04e83000 	C:\Users\acer\.p2\pool\plugins\org.eclipse.justj.openjdk.hotspot.jre.full.win32.x86_64_16.0.2.v20210721-1149\jre\bin\nio.dll

dbghelp: loaded successfully - version: 4.0.5 - missing functions: none
symbol engine: initialized successfully - sym options: 0x614 - pdb path: .;C:\Users\acer\.p2\pool\plugins\org.eclipse.justj.openjdk.hotspot.jre.full.win32.x86_64_16.0.2.v20210721-1149\jre\bin;C:\WINDOWS\SYSTEM32;C:\WINDOWS\WinSxS\amd64_microsoft.windows.common-controls_6595b64144ccf1df_6.0.19041.1110_none_60b5254171f9507e;C:\Users\acer\.p2\pool\plugins\org.eclipse.justj.openjdk.hotspot.jre.full.win32.x86_64_16.0.2.v20210721-1149\jre\bin\server

VM Arguments:
jvm_args: -Dfile.encoding=Cp1252 --module-path=C:\Users\acer\eclipse-workspace\CinemaSystem\bin;C:\Users\acer\Downloads\javafx-sdk-17.0.1\lib\javafx-swt.jar;C:\Users\acer\Downloads\javafx-sdk-17.0.1\lib\javafx.base.jar;C:\Users\acer\Downloads\javafx-sdk-17.0.1\lib\javafx.controls.jar;C:\Users\acer\Downloads\javafx-sdk-17.0.1\lib\javafx.fxml.jar;C:\Users\acer\Downloads\javafx-sdk-17.0.1\lib\javafx.graphics.jar;C:\Users\acer\Downloads\javafx-sdk-17.0.1\lib\javafx.media.jar;C:\Users\acer\Downloads\javafx-sdk-17.0.1\lib\javafx.swing.jar;C:\Users\acer\Downloads\javafx-sdk-17.0.1\lib\javafx.web.jar;C:\Users\acer\.p2\pool\plugins\org.eclipse.fx.ide.css.jfx8_3.7.0.202010120832.jar -XX:+ShowCodeDetailsInExceptionMessages -Djdk.module.main=CinemaSystem 
java_command: CinemaSystem/application.Main
java_class_path (initial): <not set>
Launcher Type: SUN_STANDARD

[Global flags]
     intx CICompilerCount                          = 4                                         {product} {ergonomic}
     uint ConcGCThreads                            = 2                                         {product} {ergonomic}
     uint G1ConcRefinementThreads                  = 8                                         {product} {ergonomic}
   size_t G1HeapRegionSize                         = 1048576                                   {product} {ergonomic}
    uintx GCDrainStackTargetSize                   = 64                                        {product} {ergonomic}
   size_t InitialHeapSize                          = 134217728                                 {product} {ergonomic}
   size_t MarkStackSize                            = 4194304                                   {product} {ergonomic}
   size_t MaxHeapSize                              = 2116026368                                {product} {ergonomic}
   size_t MaxNewSize                               = 1268776960                                {product} {ergonomic}
   size_t MinHeapDeltaBytes                        = 1048576                                   {product} {ergonomic}
   size_t MinHeapSize                              = 8388608                                   {product} {ergonomic}
    uintx NonNMethodCodeHeapSize                   = 5839372                                {pd product} {ergonomic}
    uintx NonProfiledCodeHeapSize                  = 122909434                              {pd product} {ergonomic}
    uintx ProfiledCodeHeapSize                     = 122909434                              {pd product} {ergonomic}
    uintx ReservedCodeCacheSize                    = 251658240                              {pd product} {ergonomic}
     bool SegmentedCodeCache                       = true                                      {product} {ergonomic}
     bool ShowCodeDetailsInExceptionMessages       = true                                   {manageable} {command line}
   size_t SoftMaxHeapSize                          = 2116026368                             {manageable} {ergonomic}
     bool UseCompressedClassPointers               = true                           {product lp64_product} {ergonomic}
     bool UseCompressedOops                        = true                           {product lp64_product} {ergonomic}
     bool UseG1GC                                  = true                                      {product} {ergonomic}
     bool UseLargePagesIndividualAllocation        = false                                  {pd product} {ergonomic}

Logging:
Log output configuration:
 #0: stdout all=warning uptime,level,tags
 #1: stderr all=off uptime,level,tags

Environment Variables:
PATH=C:/Users/acer/.p2/pool/plugins/org.eclipse.justj.openjdk.hotspot.jre.full.win32.x86_64_16.0.2.v20210721-1149/jre/bin/server;C:/Users/acer/.p2/pool/plugins/org.eclipse.justj.openjdk.hotspot.jre.full.win32.x86_64_16.0.2.v20210721-1149/jre/bin;C:\app\acer\product\21c\dbhomeXE\bin;C:\Program Files\Common Files\Oracle\Java\javapath;C:\Windows\system32;C:\Windows;C:\Windows\System32\Wbem;C:\Windows\System32\WindowsPowerShell\v1.0\;C:\Windows\System32\OpenSSH\;C:\Program Files (x86)\Wolfram Research\WolframScript\;C:\Program Files (x86)\NVIDIA Corporation\PhysX\Common;C:\Program Files\NVIDIA Corporation\NVIDIA NvDLISR;C:\Android;C:\WINDOWS\system32;C:\WINDOWS;C:\WINDOWS\System32\Wbem;C:\WINDOWS\System32\WindowsPowerShell\v1.0\;C:\WINDOWS\System32\OpenSSH\;C:\Program Files\swipl\bin;C:\Program Files\Git\cmd;C:\Program Files\MySQL\MySQL Shell 8.0\bin\;C:\Users\acer\AppData\Local\Microsoft\WindowsApps;;D:\Microsoft VS Code\bin;C:\WINDOWS\system32;
USERNAME=acer
OS=Windows_NT
PROCESSOR_IDENTIFIER=Intel64 Family 6 Model 142 Stepping 10, GenuineIntel



---------------  S Y S T E M  ---------------

OS:
 Windows 10 , 64 bit Build 19041 (10.0.19041.1348)
OS uptime: 0 days 17:20 hours

CPU: total 8 (initial active 8) (4 cores per cpu, 2 threads per core) family 6 model 142 stepping 10 microcode 0xb4, cx8, cmov, fxsr, ht, mmx, 3dnowpref, sse, sse2, sse3, ssse3, sse4.1, sse4.2, popcnt, lzcnt, tsc, tscinvbit, avx, avx2, aes, erms, clmul, bmi1, bmi2, adx, fma, vzeroupper, clflush, clflushopt

Memory: 4k page, system-wide physical 8069M (907M free)
TotalPageFile size 9969M (AvailPageFile size 3M)
current process WorkingSet (physical memory assigned to process): 52M, peak: 52M
current process commit charge ("private bytes"): 216M, peak: 216M

vm_info: OpenJDK 64-Bit Server VM (16.0.2+7-67) for windows-amd64 JRE (16.0.2+7-67), built on Jun  8 2021 23:21:43 by "mach5one" with MS VC++ 16.7 (VS2019)

END.
